[09:01:36] [ServerMain/INFO]: [bootstrap] Running Java 21 (OpenJDK 64-Bit Server VM 21.0.4+7-LTS; Microsoft Microsoft-9889606) on Linux 6.5.0-1025-azure (amd64)
[09:01:36] [ServerMain/INFO]: [bootstrap] Loading Paper 1.21.4-14-master@b746d9d (2024-12-11T21:22:39Z) for Minecraft 1.21.4
[09:01:37] [ServerMain/INFO]: [PluginInitializerManager] Initializing plugins...
[09:01:37] [Paper Plugin Remapper Thread - 2/INFO]: [PluginRemapper] Remapping plugin 'plugins/lunaEconomy-1.0-SNAPSHOT.jar'...
[09:01:38] [Paper Plugin Remapper Thread - 2/INFO]: [PluginRemapper] Done remapping plugin 'plugins/lunaEconomy-1.0-SNAPSHOT.jar' in 1049ms.
[09:01:38] [ServerMain/ERROR]: [DirectoryProviderSource] Error loading plugin: load is not a valid choice
org.bukkit.plugin.InvalidDescriptionException: load is not a valid choice
	at org.bukkit.plugin.PluginDescriptionFile.loadMap(PluginDescriptionFile.java:1165) ~[paper-api-1.21.4-R0.1-SNAPSHOT.jar:?]
	at org.bukkit.plugin.PluginDescriptionFile.<init>(PluginDescriptionFile.java:336) ~[paper-api-1.21.4-R0.1-SNAPSHOT.jar:?]
	at io.papermc.paper.plugin.provider.type.spigot.SpigotPluginProviderFactory.create(SpigotPluginProviderFactory.java:76) ~[paper-1.21.4.jar:1.21.4-14-b746d9d]
	at io.papermc.paper.plugin.provider.type.spigot.SpigotPluginProviderFactory.create(SpigotPluginProviderFactory.java:28) ~[paper-1.21.4.jar:1.21.4-14-b746d9d]
	at io.papermc.paper.plugin.provider.type.PluginFileType.getConfig(PluginFileType.java:78) ~[paper-1.21.4.jar:1.21.4-14-b746d9d]
	at io.papermc.paper.plugin.provider.source.FileProviderSource.registerProviders(FileProviderSource.java:90) ~[paper-1.21.4.jar:1.21.4-14-b746d9d]
	at io.papermc.paper.plugin.provider.source.DirectoryProviderSource.registerProviders(DirectoryProviderSource.java:52) ~[paper-1.21.4.jar:1.21.4-14-b746d9d]
	at io.papermc.paper.plugin.provider.source.DirectoryProviderSource.registerProviders(DirectoryProviderSource.java:17) ~[paper-1.21.4.jar:1.21.4-14-b746d9d]
	at io.papermc.paper.plugin.util.EntrypointUtil.registerProvidersFromSource(EntrypointUtil.java:15) ~[paper-1.21.4.jar:1.21.4-14-b746d9d]
	at io.papermc.paper.plugin.PluginInitializerManager.load(PluginInitializerManager.java:113) ~[paper-1.21.4.jar:1.21.4-14-b746d9d]
	at net.minecraft.server.Main.main(Main.java:125) ~[paper-1.21.4.jar:1.21.4-14-b746d9d]
	at io.papermc.paper.PaperBootstrap.boot(PaperBootstrap.java:21) ~[paper-1.21.4.jar:1.21.4-14-b746d9d]
	at org.bukkit.craftbukkit.Main.main(Main.java:281) ~[paper-1.21.4.jar:1.21.4-14-b746d9d]
	at io.papermc.paperclip.Paperclip.lambda$main$0(Paperclip.java:42) ~[app:?]
	at java.base/java.lang.Thread.run(Thread.java:1583) ~[?:?]
Caused by: java.lang.IllegalArgumentException: No enum constant org.bukkit.plugin.PluginLoadOrder.STRATUP
	at java.base/java.lang.Enum.valueOf(Enum.java:293) ~[?:?]
	at org.bukkit.plugin.PluginLoadOrder.valueOf(PluginLoadOrder.java:6) ~[paper-api-1.21.4-R0.1-SNAPSHOT.jar:?]
	at org.bukkit.plugin.PluginDescriptionFile.loadMap(PluginDescriptionFile.java:1161) ~[paper-api-1.21.4-R0.1-SNAPSHOT.jar:?]
	... 14 more
[09:01:38] [ServerMain/INFO]: [PluginInitializerManager] Initialized 0 plugins
[09:01:43] [ServerMain/INFO]: Environment: Environment[sessionHost=https://sessionserver.mojang.com, servicesHost=https://api.minecraftservices.com, name=PROD]
[09:01:46] [ServerMain/INFO]: Loaded 1370 recipes
[09:01:47] [ServerMain/INFO]: Loaded 1481 advancements
[09:01:47] [ServerMain/INFO]: [MCTypeRegistry] Initialising converters for DataConverter...
[09:01:47] [ServerMain/INFO]: [MCTypeRegistry] Finished initialising converters for DataConverter in 413.0ms
[09:01:47] [Server thread/INFO]: Starting minecraft server version 1.21.4
[09:01:47] [Server thread/INFO]: Loading properties
[09:01:47] [Server thread/INFO]: This server is running Paper version 1.21.4-14-master@b746d9d (2024-12-11T21:22:39Z) (Implementing API version 1.21.4-R0.1-SNAPSHOT)
[09:01:48] [Server thread/INFO]: [spark] This server bundles the spark profiler. For more information please visit https://docs.papermc.io/paper/profiling
[09:01:48] [Server thread/INFO]: Server Ping Player Sample Count: 12
[09:01:48] [Server thread/INFO]: Using 4 threads for Netty based IO
[09:01:50] [Server thread/INFO]: [MoonriseCommon] Paper is using 1 worker threads, 1 I/O threads
[09:01:50] [Server thread/INFO]: [ChunkTaskScheduler] Chunk system is using population gen parallelism: true
[09:01:50] [Server thread/INFO]: Default game type: SURVIVAL
[09:01:50] [Server thread/INFO]: Generating keypair
[09:01:50] [Server thread/INFO]: Starting Minecraft server on *:25565
[09:01:50] [Server thread/INFO]: Using epoll channel type
[09:01:50] [Server thread/INFO]: Paper: Using libdeflate (Linux x86_64) compression from Velocity.
[09:01:50] [Server thread/INFO]: Paper: Using OpenSSL 1.1.x (Linux x86_64) cipher from Velocity.
[09:01:50] [Server thread/INFO]: Server permissions file permissions.yml is empty, ignoring it
[09:01:50] [Server thread/INFO]: Preparing level "world"
[09:01:51] [Server thread/INFO]: Preparing start region for dimension minecraft:overworld
[09:01:51] [Server thread/INFO]: Preparing spawn area: 0%
[09:01:52] [Server thread/INFO]: Preparing spawn area: 2%
[09:01:52] [Server thread/INFO]: Preparing spawn area: 2%
[09:01:53] [Server thread/INFO]: Preparing spawn area: 32%
[09:01:53] [Server thread/INFO]: Preparing spawn area: 32%
[09:01:53] [Server thread/INFO]: Time elapsed: 2129 ms
[09:01:53] [Server thread/INFO]: Preparing start region for dimension minecraft:the_nether
[09:01:53] [Server thread/INFO]: Preparing spawn area: 0%
[09:01:54] [Server thread/INFO]: Preparing spawn area: 87%
[09:01:54] [Server thread/INFO]: Time elapsed: 522 ms
[09:01:54] [Server thread/INFO]: Preparing start region for dimension minecraft:the_end
[09:01:54] [Server thread/INFO]: Preparing spawn area: 0%
[09:01:54] [Server thread/INFO]: Time elapsed: 230 ms
[09:01:54] [Server thread/INFO]: [spark] Starting background profiler...
[09:01:54] [Server thread/INFO]: Done preparing level "world" (4.003s)
[09:01:54] [Server thread/INFO]: Running delayed init tasks
[09:01:54] [Server thread/INFO]: Done (19.192s)! For help, type "help"
[09:26:45] [Server thread/INFO]: Unknown or incomplete command, see below for error
あ、ごめん　ワイに話してた？<--[HERE]
[09:26:46] [Server thread/INFO]: Server Plugins (0):
[09:26:48] [Server thread/INFO]: Server Plugins (0):
[09:33:28] [Server thread/INFO]: Stopping server
[09:33:28] [Server thread/INFO]: Saving players
[09:33:29] [Server thread/INFO]: Saving worlds
[09:33:29] [Server thread/INFO]: Saving chunks for level 'ServerLevel[world]'/minecraft:overworld
[09:33:29] [Server thread/INFO]: [ChunkHolderManager] Waiting 60s for chunk system to halt for world 'world'
[09:33:29] [Server thread/INFO]: [ChunkHolderManager] Halted chunk system for world 'world'
[09:33:29] [Server thread/INFO]: [ChunkHolderManager] Saving all chunkholders for world 'world'
[09:33:29] [Server thread/INFO]: [ChunkHolderManager] Saved 6 block chunks, 1 entity chunks, 0 poi chunks in world 'world' in 0.03s
[09:33:29] [Server thread/INFO]: [ChunkHolderManager] Waiting 60s for chunk I/O to halt for world 'world'
[09:33:29] [Server thread/INFO]: [ChunkHolderManager] Halted I/O scheduler for world 'world'
[09:33:29] [Server thread/INFO]: Saving chunks for level 'ServerLevel[world_nether]'/minecraft:the_nether
[09:33:29] [Server thread/INFO]: [ChunkHolderManager] Waiting 60s for chunk system to halt for world 'world_nether'
[09:33:29] [Server thread/INFO]: [ChunkHolderManager] Halted chunk system for world 'world_nether'
[09:33:29] [Server thread/INFO]: [ChunkHolderManager] Saving all chunkholders for world 'world_nether'
[09:33:29] [Server thread/INFO]: [ChunkHolderManager] Saved 0 block chunks, 3 entity chunks, 0 poi chunks in world 'world_nether' in 0.00s
[09:33:29] [Server thread/INFO]: [ChunkHolderManager] Waiting 60s for chunk I/O to halt for world 'world_nether'
[09:33:29] [Server thread/INFO]: [ChunkHolderManager] Halted I/O scheduler for world 'world_nether'
[09:33:29] [Server thread/INFO]: Saving chunks for level 'ServerLevel[world_the_end]'/minecraft:the_end
[09:33:29] [Server thread/INFO]: [ChunkHolderManager] Waiting 60s for chunk system to halt for world 'world_the_end'
[09:33:29] [Server thread/INFO]: [ChunkHolderManager] Halted chunk system for world 'world_the_end'
[09:33:29] [Server thread/INFO]: [ChunkHolderManager] Saving all chunkholders for world 'world_the_end'
[09:33:29] [Server thread/INFO]: [ChunkHolderManager] Saved 0 block chunks, 10 entity chunks, 0 poi chunks in world 'world_the_end' in 0.01s
[09:33:29] [Server thread/INFO]: [ChunkHolderManager] Waiting 60s for chunk I/O to halt for world 'world_the_end'
[09:33:29] [Server thread/INFO]: [ChunkHolderManager] Halted I/O scheduler for world 'world_the_end'
[09:33:29] [Server thread/INFO]: ThreadedAnvilChunkStorage (world): All chunks are saved
[09:33:29] [Server thread/INFO]: ThreadedAnvilChunkStorage (DIM-1): All chunks are saved
[09:33:29] [Server thread/INFO]: ThreadedAnvilChunkStorage (DIM1): All chunks are saved
[09:33:29] [Server thread/INFO]: ThreadedAnvilChunkStorage: All dimensions are saved
[09:33:29] [Server thread/INFO]: Waiting for I/O tasks to complete...
[09:33:29] [Server thread/INFO]: All I/O tasks to complete
[09:33:29] [Server thread/INFO]: [MoonriseCommon] Awaiting termination of worker pool for up to 60s...
[09:33:29] [Server thread/INFO]: [MoonriseCommon] Awaiting termination of I/O pool for up to 60s...
